INFO:root:start training
INFO:root:Train data procession complete
INFO:root:Training model saved at model_1610349170.647325
WARNING:tensorflow:From /home/raviteja/anaconda3/envs/movie_review_analysis/lib/python3.8/site-packages/tensorflow/python/training/tracking/tracking.py:111: Model.state_updates (from tensorflow.python.keras.engine.training) is deprecated and will be removed in a future version.
Instructions for updating:
This property should not be used in TensorFlow 2.0, as updates are applied automatically.
WARNING:tensorflow:From /home/raviteja/anaconda3/envs/movie_review_analysis/lib/python3.8/site-packages/tensorflow/python/training/tracking/tracking.py:111: Layer.updates (from tensorflow.python.keras.engine.base_layer) is deprecated and will be removed in a future version.
Instructions for updating:
This property should not be used in TensorFlow 2.0, as updates are applied automatically.
INFO:tensorflow:Assets written to: saved_models/model_1610349170.647325/assets
INFO:root:start testing
INFO:root:Test data procession complete
INFO:root:    actual  predicted
0        1          9
1        9          9
2        7          9
3        1          9
4        3          9
5        7          9
6        8          9
7        0          9
8        2          9
9        1          9
10       3          9
11       6          9
12       9          9
13       9          9
14       7          9
15       9          9
16       9          9
17       8          9
18       0          9
19       9          9
INFO:root:[[ 1  0  0  0  0  0  0 42]
 [ 0  0  0  0  0  0  0 25]
 [ 0  0  0  0  0  0  0 20]
 [ 0  0  0  0  0  0  0 28]
 [ 0  0  0  0  0  0  0 24]
 [ 0  0  0  0  0  0  0 33]
 [ 0  0  0  0  0  0  0 27]
 [ 0  0  0  0  0  0  0 98]]
INFO:root:              precision    recall  f1-score   support

           0       1.00      0.02      0.05        43
           1       0.00      0.00      0.00        25
           2       0.00      0.00      0.00        20
           3       0.00      0.00      0.00        28
           6       0.00      0.00      0.00        24
           7       0.00      0.00      0.00        33
           8       0.00      0.00      0.00        27
           9       0.33      1.00      0.50        98

    accuracy                           0.33       298
   macro avg       0.17      0.13      0.07       298
weighted avg       0.25      0.33      0.17       298

INFO:root:==========Execution completed ==============
